2018-08-01 02:06:05,404 INFO  [Log] ************************************************************************* 
2018-08-01 02:06:05,407 INFO  [Log] ************************************************************************* 
2018-08-01 02:06:05,407 INFO  [Log] $$$$$$$$$$$$$$$        TC001-Started     $$$$$$$$$$$$$$$$$$$$ 
2018-08-01 02:06:05,407 INFO  [Log] ************************************************************************* 
2018-08-01 02:06:05,408 INFO  [Log] ************************************************************************* 
2018-08-01 02:06:05,413 INFO  [Log] Opening Browser chrome 
2018-08-01 02:06:16,952 INFO  [Log] Navigate to Salesforce URL 
2018-08-01 02:06:28,959 INFO  [Log] Enter the values for txt_name rajasingh.nadar@infosys.com.vmstdemo 
2018-08-01 02:06:31,233 INFO  [Log] Enter the values for txt_pass Raja@1506$$$$$$ 
2018-08-01 02:06:32,808 INFO  [Log] Clicking the values for btn_login 
2018-08-01 02:06:37,001 INFO  [Log] Waiting for 5 seconds 
2018-08-01 02:06:42,502 INFO  [Log] Closing the browser 
2018-08-01 02:06:44,453 INFO  [Log] ************************************************************************** 
2018-08-01 02:06:44,453 INFO  [Log] $$$$$$$$$$$$$$$       TC001-Ended         $$$$$$$$$$$$$$$$$$$$$ 
2018-08-01 02:06:44,453 INFO  [Log] ************************************************************************** 
2018-08-01 02:06:44,457 INFO  [Log] ************************************************************************* 
2018-08-01 02:06:44,463 INFO  [Log] ************************************************************************* 
2018-08-01 02:06:44,463 INFO  [Log] $$$$$$$$$$$$$$$        TC002-Started     $$$$$$$$$$$$$$$$$$$$ 
2018-08-01 02:06:44,463 INFO  [Log] ************************************************************************* 
2018-08-01 02:06:44,463 INFO  [Log] ************************************************************************* 
2018-08-01 02:06:44,465 INFO  [Log] Opening Browser chrome 
2018-08-01 02:06:49,055 INFO  [Log] Navigate to Salesforce URL 
2018-08-01 02:06:57,040 INFO  [Log] Enter the values for txt_name rajasingh.nadar@infosys.com.vmstdemo 
2018-08-01 02:07:00,018 INFO  [Log] Enter the values for txt_pass Raja@1506$$$$$$ 
2018-08-01 02:07:01,730 INFO  [Log] Clicking the values for btn_login 
2018-08-01 02:07:06,081 INFO  [Log] Waiting for 5 seconds 
2018-08-01 02:07:11,244 INFO  [Log] Closing the browser 
2018-08-01 02:07:12,773 INFO  [Log] ************************************************************************** 
2018-08-01 02:07:12,773 INFO  [Log] $$$$$$$$$$$$$$$       TC002-Ended         $$$$$$$$$$$$$$$$$$$$$ 
2018-08-01 02:07:12,773 INFO  [Log] ************************************************************************** 
2018-08-13 20:03:10,049 INFO  [Log] ************************************************************************* 
2018-08-13 20:03:10,077 INFO  [Log] ************************************************************************* 
2018-08-13 20:03:10,077 INFO  [Log] $$$$$$$$$$$$$$$        TC001-Started     $$$$$$$$$$$$$$$$$$$$ 
2018-08-13 20:03:10,077 INFO  [Log] ************************************************************************* 
2018-08-13 20:03:10,077 INFO  [Log] ************************************************************************* 
2018-08-13 20:03:10,079 INFO  [Log] Opening Browser chrome 
2018-08-13 20:03:21,275 INFO  [Log] Navigate to Salesforce URL 
2018-08-13 20:03:32,511 INFO  [Log] Enter the values for txt_name rajasingh.nadar@infosys.com.vmstdemo 
2018-08-13 20:03:34,062 INFO  [Log] Enter the values for txt_pass Raja@1506$$$$$$ 
2018-08-13 20:03:34,925 INFO  [Log] Clicking the values for btn_login 
2018-08-13 20:03:39,726 INFO  [Log] Waiting for 5 seconds 
2018-08-13 20:03:44,888 INFO  [Log] Closing the browser 
2018-08-13 20:03:46,578 INFO  [Log] ************************************************************************** 
2018-08-13 20:03:46,578 INFO  [Log] $$$$$$$$$$$$$$$       TC001-Ended         $$$$$$$$$$$$$$$$$$$$$ 
2018-08-13 20:03:46,578 INFO  [Log] ************************************************************************** 
2018-08-13 20:03:46,586 INFO  [Log] ************************************************************************* 
2018-08-13 20:03:46,586 INFO  [Log] ************************************************************************* 
2018-08-13 20:03:46,586 INFO  [Log] $$$$$$$$$$$$$$$        TC002-Started     $$$$$$$$$$$$$$$$$$$$ 
2018-08-13 20:03:46,586 INFO  [Log] ************************************************************************* 
2018-08-13 20:03:46,586 INFO  [Log] ************************************************************************* 
2018-08-13 20:03:46,586 INFO  [Log] Opening Browser chrome 
2018-08-13 20:03:51,369 INFO  [Log] Navigate to Salesforce URL 
2018-08-13 20:04:00,346 INFO  [Log] Enter the values for txt_name rajasingh.nadar@infosys.com.vmstdemo 
2018-08-13 20:04:01,862 INFO  [Log] Enter the values for txt_pass Raja@1506$$$$$$ 
2018-08-13 20:04:02,794 INFO  [Log] Clicking the values for btn_login 
2018-08-13 20:04:06,828 INFO  [Log] Waiting for 5 seconds 
2018-08-13 20:04:11,984 INFO  [Log] Closing the browser 
2018-08-13 20:04:13,484 INFO  [Log] ************************************************************************** 
2018-08-13 20:04:13,499 INFO  [Log] $$$$$$$$$$$$$$$       TC002-Ended         $$$$$$$$$$$$$$$$$$$$$ 
2018-08-13 20:04:13,499 INFO  [Log] ************************************************************************** 
2018-08-28 20:22:51,527 INFO  [Log] ************************************************************************* 
2018-08-28 20:22:51,574 INFO  [Log] ************************************************************************* 
2018-08-28 20:22:51,574 INFO  [Log] $$$$$$$$$$$$$$$        TC001-Started     $$$$$$$$$$$$$$$$$$$$ 
2018-08-28 20:22:51,574 INFO  [Log] ************************************************************************* 
2018-08-28 20:22:51,574 INFO  [Log] ************************************************************************* 
2018-08-28 20:22:51,574 INFO  [Log] Opening Browser chrome 
2018-08-28 20:23:11,163 INFO  [Log] Navigate to Salesforce URL 
2018-08-28 20:23:32,231 INFO  [Log] Enter the values for txt_name rajasingh.nadar@infosys.com.vmstdemo 
2018-08-28 20:23:34,264 INFO  [Log] Enter the values for txt_pass Raja@1506$$$$$$ 
2018-08-28 20:23:35,141 INFO  [Log] Clicking the values for btn_login 
2018-08-28 20:23:40,373 INFO  [Log] Waiting for 5 seconds 
2018-08-28 20:23:45,955 INFO  [Log] Closing the browser 
2018-08-28 20:23:47,932 INFO  [Log] ************************************************************************** 
2018-08-28 20:23:47,932 INFO  [Log] $$$$$$$$$$$$$$$       TC001-Ended         $$$$$$$$$$$$$$$$$$$$$ 
2018-08-28 20:23:47,932 INFO  [Log] ************************************************************************** 
2018-08-28 20:23:47,947 INFO  [Log] ************************************************************************* 
2018-08-28 20:23:47,947 INFO  [Log] ************************************************************************* 
2018-08-28 20:23:47,947 INFO  [Log] $$$$$$$$$$$$$$$        TC002-Started     $$$$$$$$$$$$$$$$$$$$ 
2018-08-28 20:23:47,947 INFO  [Log] ************************************************************************* 
2018-08-28 20:23:47,947 INFO  [Log] ************************************************************************* 
2018-08-28 20:23:47,947 INFO  [Log] Opening Browser chrome 
2018-08-28 20:23:53,824 INFO  [Log] Navigate to Salesforce URL 
2018-08-28 20:24:07,085 INFO  [Log] Enter the values for txt_name rajasingh.nadar@infosys.com.vmstdemo 
2018-08-28 20:24:08,704 INFO  [Log] Enter the values for txt_pass Raja@1506$$$$$$ 
2018-08-28 20:24:09,972 INFO  [Log] Clicking the values for btn_login 
2018-08-28 20:24:14,781 INFO  [Log] Waiting for 5 seconds 
2018-08-28 20:24:20,056 INFO  [Log] Closing the browser 
2018-08-28 20:24:21,629 INFO  [Log] ************************************************************************** 
2018-08-28 20:24:21,629 INFO  [Log] $$$$$$$$$$$$$$$       TC002-Ended         $$$$$$$$$$$$$$$$$$$$$ 
2018-08-28 20:24:21,629 INFO  [Log] ************************************************************************** 
2018-08-28 20:41:02,611 INFO  [Log] ************************************************************************* 
2018-08-28 20:41:02,611 INFO  [Log] ************************************************************************* 
2018-08-28 20:41:02,611 INFO  [Log] $$$$$$$$$$$$$$$        TC001-Started     $$$$$$$$$$$$$$$$$$$$ 
2018-08-28 20:41:02,611 INFO  [Log] ************************************************************************* 
2018-08-28 20:41:02,627 INFO  [Log] ************************************************************************* 
2018-08-28 20:41:02,627 INFO  [Log] Opening Browser chrome 
2018-08-28 20:41:14,091 INFO  [Log] Navigate to Salesforce URL 
2018-08-28 20:41:26,173 INFO  [Log] Enter the values for txt_name rajasingh.nadar@infosys.com.vmstdemo 
2018-08-28 20:41:27,639 INFO  [Log] Enter the values for txt_pass Raja@1506$$$$$$ 
2018-08-28 20:41:28,831 INFO  [Log] Clicking the values for btn_login 
2018-08-28 20:41:32,970 INFO  [Log] Waiting for 5 seconds 
2018-08-28 20:41:38,275 INFO  [Log] Closing the browser 
2018-08-28 20:41:40,000 INFO  [Log] ************************************************************************** 
2018-08-28 20:41:40,000 INFO  [Log] $$$$$$$$$$$$$$$       TC001-Ended         $$$$$$$$$$$$$$$$$$$$$ 
2018-08-28 20:41:40,000 INFO  [Log] ************************************************************************** 
2018-08-28 20:41:40,000 INFO  [Log] ************************************************************************* 
2018-08-28 20:41:40,000 INFO  [Log] ************************************************************************* 
2018-08-28 20:41:40,000 INFO  [Log] $$$$$$$$$$$$$$$        TC002-Started     $$$$$$$$$$$$$$$$$$$$ 
2018-08-28 20:41:40,000 INFO  [Log] ************************************************************************* 
2018-08-28 20:41:40,000 INFO  [Log] ************************************************************************* 
2018-08-28 20:41:40,000 INFO  [Log] Opening Browser chrome 
2018-08-28 20:41:45,846 INFO  [Log] Navigate to Salesforce URL 
2018-08-28 20:42:00,557 INFO  [Log] Enter the values for txt_name rajasingh.nadar@infosys.com.vmstdemo 
2018-08-28 20:42:02,021 INFO  [Log] Enter the values for txt_pass Raja@1506$$$$$$ 
2018-08-28 20:42:02,893 INFO  [Log] Clicking the values for btn_login 
2018-08-28 20:42:06,564 INFO  [Log] Waiting for 5 seconds 
2018-08-28 20:42:11,809 INFO  [Log] Closing the browser 
2018-08-28 20:42:13,306 INFO  [Log] ************************************************************************** 
2018-08-28 20:42:13,306 INFO  [Log] $$$$$$$$$$$$$$$       TC002-Ended         $$$$$$$$$$$$$$$$$$$$$ 
2018-08-28 20:42:13,306 INFO  [Log] ************************************************************************** 
2018-08-28 21:20:08,439 INFO  [Log] ************************************************************************* 
2018-08-28 21:20:08,454 INFO  [Log] ************************************************************************* 
2018-08-28 21:20:08,454 INFO  [Log] $$$$$$$$$$$$$$$        TC001-Started     $$$$$$$$$$$$$$$$$$$$ 
2018-08-28 21:20:08,455 INFO  [Log] ************************************************************************* 
2018-08-28 21:20:08,455 INFO  [Log] ************************************************************************* 
2018-08-28 21:20:08,459 INFO  [Log] Opening Browser chrome 
2018-08-28 21:20:33,308 INFO  [Log] Navigate to Salesforce URL 
2018-08-28 21:20:48,618 INFO  [Log] Enter the values for txt_name rajasingh.nadar@infosys.com.vmstdemo 
2018-08-28 21:20:50,717 INFO  [Log] Enter the values for txt_pass Raja@1506$$$$$$ 
2018-08-28 21:20:51,818 INFO  [Log] Clicking the values for btn_login 
2018-08-28 21:20:56,146 INFO  [Log] Waiting for 5 seconds 
2018-08-28 21:21:01,330 INFO  [Log] Closing the browser 
2018-08-28 21:21:02,936 INFO  [Log] ************************************************************************** 
2018-08-28 21:21:02,936 INFO  [Log] $$$$$$$$$$$$$$$       TC001-Ended         $$$$$$$$$$$$$$$$$$$$$ 
2018-08-28 21:21:02,936 INFO  [Log] ************************************************************************** 
2018-08-28 21:21:02,936 INFO  [Log] ************************************************************************* 
2018-08-28 21:21:02,936 INFO  [Log] ************************************************************************* 
2018-08-28 21:21:02,936 INFO  [Log] $$$$$$$$$$$$$$$        TC002-Started     $$$$$$$$$$$$$$$$$$$$ 
2018-08-28 21:21:02,936 INFO  [Log] ************************************************************************* 
2018-08-28 21:21:02,936 INFO  [Log] ************************************************************************* 
2018-08-28 21:21:02,936 INFO  [Log] Opening Browser chrome 
2018-08-28 21:21:07,488 INFO  [Log] Navigate to Salesforce URL 
2018-08-28 21:21:22,775 INFO  [Log] Enter the values for txt_name rajasingh.nadar@infosys.com.vmstdemo 
2018-08-28 21:21:24,627 INFO  [Log] Enter the values for txt_pass Raja@1506$$$$$$ 
2018-08-28 21:21:25,259 INFO  [Log] Clicking the values for btn_login 
2018-08-28 21:21:29,421 INFO  [Log] Waiting for 5 seconds 
2018-08-28 21:21:34,757 INFO  [Log] Closing the browser 
2018-08-28 21:21:36,973 INFO  [Log] ************************************************************************** 
2018-08-28 21:21:36,973 INFO  [Log] $$$$$$$$$$$$$$$       TC002-Ended         $$$$$$$$$$$$$$$$$$$$$ 
2018-08-28 21:21:36,973 INFO  [Log] ************************************************************************** 
2018-08-28 21:25:19,363 INFO  [Log] ************************************************************************* 
2018-08-28 21:25:19,364 INFO  [Log] ************************************************************************* 
2018-08-28 21:25:19,364 INFO  [Log] $$$$$$$$$$$$$$$        TC001-Started     $$$$$$$$$$$$$$$$$$$$ 
2018-08-28 21:25:19,364 INFO  [Log] ************************************************************************* 
2018-08-28 21:25:19,364 INFO  [Log] ************************************************************************* 
2018-08-28 21:25:19,367 INFO  [Log] Opening Browser chrome 
2018-08-28 21:25:28,813 INFO  [Log] Navigate to Salesforce URL 
2018-08-28 21:25:43,630 INFO  [Log] Enter the values for txt_name rajasingh.nadar@infosys.com.vmstdemo 
2018-08-28 21:25:44,565 INFO  [Log] Enter the values for txt_pass Raja@1506$$$$$$ 
2018-08-28 21:25:45,170 INFO  [Log] Clicking the values for btn_login 
2018-08-28 21:25:54,815 INFO  [Log] Waiting for 5 seconds 
2018-08-28 21:26:00,615 INFO  [Log] Closing the browser 
2018-08-28 21:26:02,810 INFO  [Log] ************************************************************************** 
2018-08-28 21:26:02,811 INFO  [Log] $$$$$$$$$$$$$$$       TC001-Ended         $$$$$$$$$$$$$$$$$$$$$ 
2018-08-28 21:26:02,813 INFO  [Log] ************************************************************************** 
2018-08-28 21:26:02,817 INFO  [Log] ************************************************************************* 
2018-08-28 21:26:02,818 INFO  [Log] ************************************************************************* 
2018-08-28 21:26:02,818 INFO  [Log] $$$$$$$$$$$$$$$        TC002-Started     $$$$$$$$$$$$$$$$$$$$ 
2018-08-28 21:26:02,818 INFO  [Log] ************************************************************************* 
2018-08-28 21:26:02,818 INFO  [Log] ************************************************************************* 
2018-08-28 21:26:02,819 INFO  [Log] Opening Browser chrome 
2018-08-28 21:26:08,379 INFO  [Log] Navigate to Salesforce URL 
2018-08-28 21:27:27,111 INFO  [Log] Enter the values for txt_name rajasingh.nadar@infosys.com.vmstdemo 
2018-08-28 21:27:28,838 INFO  [Log] Enter the values for txt_pass Raja@1506$$$$$$ 
2018-08-28 21:27:29,651 INFO  [Log] Clicking the values for btn_login 
2018-08-28 21:27:45,426 INFO  [Log] Waiting for 5 seconds 
2018-08-28 21:27:50,630 INFO  [Log] Closing the browser 
2018-08-28 21:27:52,137 INFO  [Log] ************************************************************************** 
2018-08-28 21:27:52,137 INFO  [Log] $$$$$$$$$$$$$$$       TC002-Ended         $$$$$$$$$$$$$$$$$$$$$ 
2018-08-28 21:27:52,138 INFO  [Log] ************************************************************************** 
